Fri Jun 01 2018 23:36:45 GMT+0530 (IST) INFO HTTP GET /{
	"res": {
		"statusCode": 200
	},
	"req": {
		"url": "/",
		"headers": {
			"cache-control": "no-cache",
			"postman-token": "97cc9e5f-8610-4d2b-80b0-65a7e20a960e",
			"user-agent": "PostmanRuntime/6.4.1",
			"accept": "*/*",
			"host": "localhost:3001",
			"accept-encoding": "gzip, deflate",
			"connection": "keep-alive"
		},
		"method": "GET",
		"httpVersion": "1.1",
		"originalUrl": "/",
		"query": {}
	},
	"responseTime": 1
}
Fri Jun 01 2018 23:38:01 GMT+0530 (IST) INFO HTTP GET /{
	"res": {
		"statusCode": 200
	},
	"req": {
		"url": "/",
		"headers": {
			"cache-control": "no-cache",
			"postman-token": "7bde6563-7eff-425f-90e8-f88993517718",
			"user-agent": "PostmanRuntime/6.4.1",
			"accept": "*/*",
			"host": "localhost:3001",
			"accept-encoding": "gzip, deflate",
			"connection": "keep-alive"
		},
		"method": "GET",
		"httpVersion": "1.1",
		"originalUrl": "/",
		"query": {}
	},
	"responseTime": 2
}
Fri Jun 01 2018 23:38:33 GMT+0530 (IST) INFO HTTP GET /{
	"res": {
		"statusCode": 200
	},
	"req": {
		"url": "/",
		"headers": {
			"cache-control": "no-cache",
			"postman-token": "b830a652-239e-4bdc-aa5c-f127481f241b",
			"user-agent": "PostmanRuntime/6.4.1",
			"accept": "*/*",
			"host": "localhost:3001",
			"accept-encoding": "gzip, deflate",
			"connection": "keep-alive"
		},
		"method": "GET",
		"httpVersion": "1.1",
		"originalUrl": "/",
		"query": {}
	},
	"responseTime": 2
}
Fri Jun 01 2018 23:39:11 GMT+0530 (IST) INFO HTTP GET /{
	"res": {
		"statusCode": 200
	},
	"req": {
		"url": "/",
		"headers": {
			"cache-control": "no-cache",
			"postman-token": "d522aa84-6832-4b4f-b5e6-5ea932508350",
			"user-agent": "PostmanRuntime/6.4.1",
			"accept": "*/*",
			"host": "localhost:3001",
			"accept-encoding": "gzip, deflate",
			"connection": "keep-alive"
		},
		"method": "GET",
		"httpVersion": "1.1",
		"originalUrl": "/",
		"query": {}
	},
	"responseTime": 3
}
Fri Jun 01 2018 23:48:18 GMT+0530 (IST) INFO HTTP GET /{
	"res": {
		"statusCode": 200
	},
	"req": {
		"url": "/",
		"headers": {
			"cache-control": "no-cache",
			"postman-token": "25b16d24-e340-4b92-b347-5ea920bd3ae6",
			"user-agent": "PostmanRuntime/6.4.1",
			"accept": "*/*",
			"host": "localhost:3001",
			"accept-encoding": "gzip, deflate",
			"connection": "keep-alive"
		},
		"method": "GET",
		"httpVersion": "1.1",
		"originalUrl": "/",
		"query": {}
	},
	"responseTime": 3
}
[ Fri Jun 01 2018 23:51:01 GMT+0530 (IST) ] [ INFO ]HTTP GET /{
	"res": {
		"statusCode": 200
	},
	"req": {
		"url": "/",
		"headers": {
			"cache-control": "no-cache",
			"postman-token": "8feaca01-0d05-498d-895c-9085c1ec301f",
			"user-agent": "PostmanRuntime/6.4.1",
			"accept": "*/*",
			"host": "localhost:3001",
			"accept-encoding": "gzip, deflate",
			"connection": "keep-alive"
		},
		"method": "GET",
		"httpVersion": "1.1",
		"originalUrl": "/",
		"query": {}
	},
	"responseTime": 2
}
[Fri Jun 01 2018 23:57:10 GMT+0530 (IST)] [INFO] HTTP GET /
	{"res":{"statusCode":200},"req":{"url":"/","headers":{"cache-control":"no-cache","postman-token":"f81c4f41-e109-47be-a979-643f01f0245e","user-agent":"PostmanRuntime/6.4.1","accept":"*/*","host":"localhost:3001","accept-encoding":"gzip, deflate","connection":"keep-alive"},"method":"GET","httpVersion":"1.1","originalUrl":"/","query":{}},"responseTime":2}
Fri Jun 01 2018 23:57:41 GMT+0530 (IST) INFO HTTP GET /{
	"res": {
		"statusCode": 200
	},
	"req": {
		"url": "/",
		"headers": {
			"cache-control": "no-cache",
			"postman-token": "28fc14a4-eee6-4ca6-9213-36118ac69f00",
			"user-agent": "PostmanRuntime/6.4.1",
			"accept": "*/*",
			"host": "localhost:3001",
			"accept-encoding": "gzip, deflate",
			"connection": "keep-alive"
		},
		"method": "GET",
		"httpVersion": "1.1",
		"originalUrl": "/",
		"query": {}
	},
	"responseTime": 2
}
Sat Jun 02 2018 09:12:22 GMT+0530 (IST) INFO HTTP GET /{
	"res": {
		"statusCode": 200
	},
	"req": {
		"url": "/",
		"headers": {
			"cache-control": "no-cache",
			"postman-token": "8d50e5c2-0f7e-4622-bc72-9228a8c03b5f",
			"user-agent": "PostmanRuntime/6.4.1",
			"accept": "*/*",
			"host": "localhost:3001",
			"accept-encoding": "gzip, deflate",
			"connection": "keep-alive"
		},
		"method": "GET",
		"httpVersion": "1.1",
		"originalUrl": "/",
		"query": {}
	},
	"responseTime": 2
}
Sat Jun 02 2018 09:53:35 GMT+0530 (IST) INFO HTTP GET /{
	"res": {
		"statusCode": 200
	},
	"req": {
		"url": "/",
		"headers": {
			"cache-control": "no-cache",
			"postman-token": "910a71af-2fe2-4b7b-becc-4cab23df5a04",
			"user-agent": "PostmanRuntime/6.4.1",
			"accept": "*/*",
			"host": "localhost:3001",
			"accept-encoding": "gzip, deflate",
			"connection": "keep-alive"
		},
		"method": "GET",
		"httpVersion": "1.1",
		"originalUrl": "/",
		"query": {}
	},
	"responseTime": 2
}
Sat Jun 02 2018 09:54:35 GMT+0530 (IST) INFO HTTP GET /{
	"res": {
		"statusCode": 200
	},
	"req": {
		"url": "/",
		"headers": {
			"cache-control": "no-cache",
			"postman-token": "d18efd9e-4001-4864-8eb6-69f647562785",
			"user-agent": "PostmanRuntime/6.4.1",
			"accept": "*/*",
			"host": "localhost:3001",
			"accept-encoding": "gzip, deflate",
			"connection": "keep-alive"
		},
		"method": "GET",
		"httpVersion": "1.1",
		"originalUrl": "/",
		"query": {}
	},
	"responseTime": 3
}
Sat Jun 02 2018 09:55:21 GMT+0530 (IST) INFO HTTP GET /{
	"res": {
		"statusCode": 404
	},
	"req": {
		"url": "/",
		"headers": {
			"cache-control": "no-cache",
			"postman-token": "690ed65a-a3a4-4970-8943-df38dcdc720d",
			"user-agent": "PostmanRuntime/6.4.1",
			"accept": "*/*",
			"host": "localhost:3001",
			"accept-encoding": "gzip, deflate",
			"connection": "keep-alive"
		},
		"method": "GET",
		"httpVersion": "1.1",
		"originalUrl": "/",
		"query": {}
	},
	"responseTime": 4
}
Sat Jun 02 2018 10:14:07 GMT+0530 (IST) INFO HTTP GET /{
	"res": {
		"statusCode": 404
	},
	"req": {
		"url": "/",
		"headers": {
			"cache-control": "no-cache",
			"postman-token": "0c6cee77-2a9e-4d7a-9ed6-1a72be29dc13",
			"user-agent": "PostmanRuntime/6.4.1",
			"accept": "*/*",
			"host": "localhost:3001",
			"accept-encoding": "gzip, deflate",
			"connection": "keep-alive"
		},
		"method": "GET",
		"httpVersion": "1.1",
		"originalUrl": "/",
		"query": {}
	},
	"responseTime": 4
}
Sat Jun 02 2018 10:15:09 GMT+0530 (IST) INFO HTTP GET /{
	"res": {
		"statusCode": 404
	},
	"req": {
		"url": "/",
		"headers": {
			"cache-control": "no-cache",
			"postman-token": "a9948180-0faa-43d1-a2fe-f85ae82fdcb2",
			"user-agent": "PostmanRuntime/6.4.1",
			"accept": "*/*",
			"host": "localhost:3001",
			"accept-encoding": "gzip, deflate",
			"connection": "keep-alive"
		},
		"method": "GET",
		"httpVersion": "1.1",
		"originalUrl": "/",
		"query": {}
	},
	"responseTime": 4
}
Sat Jun 02 2018 10:17:03 GMT+0530 (IST) ERROR uncaughtException: err is not defined{
	"date": "Sat Jun 02 2018 10:17:03 GMT+0530 (IST)",
	"process": {
		"pid": 10235,
		"uid": 502,
		"gid": 20,
		"cwd": "/Users/princegupta/Documents/Workspace/NodeJs/node-essntials",
		"execPath": "/usr/local/bin/node",
		"version": "v8.11.1",
		"argv": [
			"/usr/local/bin/node",
			"/Users/princegupta/Documents/Workspace/NodeJs/node-essntials/bin/www"
		],
		"memoryUsage": {
			"rss": 38846464,
			"heapTotal": 22970368,
			"heapUsed": 14292120,
			"external": 107880
		}
	},
	"os": {
		"loadavg": [
			2.78857421875,
			2.697265625,
			2.7109375
		],
		"uptime": 165410
	},
	"trace": [
		{
			"column": 33,
			"file": "/Users/princegupta/Documents/Workspace/NodeJs/node-essntials/app.js",
			"function": null,
			"line": 22,
			"method": null,
			"native": false
		},
		{
			"column": 30,
			"file": "module.js",
			"function": "Module._compile",
			"line": 652,
			"method": "_compile",
			"native": false
		},
		{
			"column": 10,
			"file": "module.js",
			"function": "Module._extensions..js",
			"line": 663,
			"method": ".js",
			"native": false
		},
		{
			"column": 32,
			"file": "module.js",
			"function": "Module.load",
			"line": 565,
			"method": "load",
			"native": false
		},
		{
			"column": 12,
			"file": "module.js",
			"function": "tryModuleLoad",
			"line": 505,
			"method": null,
			"native": false
		},
		{
			"column": 3,
			"file": "module.js",
			"function": "Module._load",
			"line": 497,
			"method": "_load",
			"native": false
		},
		{
			"column": 17,
			"file": "module.js",
			"function": "Module.require",
			"line": 596,
			"method": "require",
			"native": false
		},
		{
			"column": 18,
			"file": "internal/module.js",
			"function": "require",
			"line": 11,
			"method": null,
			"native": false
		},
		{
			"column": 11,
			"file": "/Users/princegupta/Documents/Workspace/NodeJs/node-essntials/bin/www",
			"function": null,
			"line": 7,
			"method": null,
			"native": false
		},
		{
			"column": 30,
			"file": "module.js",
			"function": "Module._compile",
			"line": 652,
			"method": "_compile",
			"native": false
		}
	],
	"stack": [
		"ReferenceError: err is not defined",
		"    at Object.<anonymous> (/Users/princegupta/Documents/Workspace/NodeJs/node-essntials/app.js:22:33)",
		"    at Module._compile (module.js:652:30)",
		"    at Object.Module._extensions..js (module.js:663:10)",
		"    at Module.load (module.js:565:32)",
		"    at tryModuleLoad (module.js:505:12)",
		"    at Function.Module._load (module.js:497:3)",
		"    at Module.require (module.js:596:17)",
		"    at require (internal/module.js:11:18)",
		"    at Object.<anonymous> (/Users/princegupta/Documents/Workspace/NodeJs/node-essntials/bin/www:7:11)",
		"    at Module._compile (module.js:652:30)"
	]
}
Sat Jun 02 2018 10:33:11 GMT+0530 (IST) ERROR uncaughtException: err is not defined{
	"date": "Sat Jun 02 2018 10:33:11 GMT+0530 (IST)",
	"process": {
		"pid": 10397,
		"uid": 502,
		"gid": 20,
		"cwd": "/Users/princegupta/Documents/Workspace/NodeJs/node-essntials",
		"execPath": "/usr/local/bin/node",
		"version": "v8.11.1",
		"argv": [
			"/usr/local/bin/node",
			"/Users/princegupta/Documents/Workspace/NodeJs/node-essntials/bin/www"
		],
		"memoryUsage": {
			"rss": 38871040,
			"heapTotal": 22970368,
			"heapUsed": 14309736,
			"external": 107880
		}
	},
	"os": {
		"loadavg": [
			2.39794921875,
			2.49609375,
			2.6435546875
		],
		"uptime": 166378
	},
	"trace": [
		{
			"column": 28,
			"file": "/Users/princegupta/Documents/Workspace/NodeJs/node-essntials/app.js",
			"function": null,
			"line": 22,
			"method": null,
			"native": false
		},
		{
			"column": 30,
			"file": "module.js",
			"function": "Module._compile",
			"line": 652,
			"method": "_compile",
			"native": false
		},
		{
			"column": 10,
			"file": "module.js",
			"function": "Module._extensions..js",
			"line": 663,
			"method": ".js",
			"native": false
		},
		{
			"column": 32,
			"file": "module.js",
			"function": "Module.load",
			"line": 565,
			"method": "load",
			"native": false
		},
		{
			"column": 12,
			"file": "module.js",
			"function": "tryModuleLoad",
			"line": 505,
			"method": null,
			"native": false
		},
		{
			"column": 3,
			"file": "module.js",
			"function": "Module._load",
			"line": 497,
			"method": "_load",
			"native": false
		},
		{
			"column": 17,
			"file": "module.js",
			"function": "Module.require",
			"line": 596,
			"method": "require",
			"native": false
		},
		{
			"column": 18,
			"file": "internal/module.js",
			"function": "require",
			"line": 11,
			"method": null,
			"native": false
		},
		{
			"column": 11,
			"file": "/Users/princegupta/Documents/Workspace/NodeJs/node-essntials/bin/www",
			"function": null,
			"line": 7,
			"method": null,
			"native": false
		},
		{
			"column": 30,
			"file": "module.js",
			"function": "Module._compile",
			"line": 652,
			"method": "_compile",
			"native": false
		}
	],
	"stack": [
		"ReferenceError: err is not defined",
		"    at Object.<anonymous> (/Users/princegupta/Documents/Workspace/NodeJs/node-essntials/app.js:22:28)",
		"    at Module._compile (module.js:652:30)",
		"    at Object.Module._extensions..js (module.js:663:10)",
		"    at Module.load (module.js:565:32)",
		"    at tryModuleLoad (module.js:505:12)",
		"    at Function.Module._load (module.js:497:3)",
		"    at Module.require (module.js:596:17)",
		"    at require (internal/module.js:11:18)",
		"    at Object.<anonymous> (/Users/princegupta/Documents/Workspace/NodeJs/node-essntials/bin/www:7:11)",
		"    at Module._compile (module.js:652:30)"
	]
}
Sat Jun 02 2018 10:33:52 GMT+0530 (IST) INFO HTTP GET /{
	"res": {
		"statusCode": 404
	},
	"req": {
		"url": "/",
		"headers": {
			"cache-control": "no-cache",
			"postman-token": "9c837bbe-bada-44e5-b79e-dbeafca707ab",
			"user-agent": "PostmanRuntime/6.4.1",
			"accept": "*/*",
			"host": "localhost:3001",
			"accept-encoding": "gzip, deflate",
			"connection": "keep-alive"
		},
		"method": "GET",
		"httpVersion": "1.1",
		"originalUrl": "/",
		"query": {}
	},
	"responseTime": 4
}
Sat Jun 02 2018 10:35:17 GMT+0530 (IST) INFO HTTP GET /{
	"res": {
		"statusCode": 404
	},
	"req": {
		"url": "/",
		"headers": {
			"cache-control": "no-cache",
			"postman-token": "f8280987-d793-4555-ade1-4a1bb112b1b0",
			"user-agent": "PostmanRuntime/6.4.1",
			"accept": "*/*",
			"host": "localhost:3001",
			"accept-encoding": "gzip, deflate",
			"connection": "keep-alive"
		},
		"method": "GET",
		"httpVersion": "1.1",
		"originalUrl": "/",
		"query": {}
	},
	"responseTime": 2
}
Sat Jun 02 2018 10:38:07 GMT+0530 (IST) INFO HTTP GET /{
	"res": {
		"statusCode": 404
	},
	"req": {
		"url": "/",
		"headers": {
			"cache-control": "no-cache",
			"postman-token": "fdb7b75c-4b12-4c62-b63c-de08eda64d6e",
			"user-agent": "PostmanRuntime/6.4.1",
			"accept": "*/*",
			"host": "localhost:3001",
			"accept-encoding": "gzip, deflate",
			"connection": "keep-alive"
		},
		"method": "GET",
		"httpVersion": "1.1",
		"originalUrl": "/",
		"query": {}
	},
	"responseTime": 3
}
Sat Jun 02 2018 10:39:54 GMT+0530 (IST) INFO HTTP GET /{
	"res": {
		"statusCode": 404
	},
	"req": {
		"url": "/",
		"headers": {
			"cache-control": "no-cache",
			"postman-token": "cab42f9c-5cce-4759-a6d2-123c17a3fc8c",
			"user-agent": "PostmanRuntime/6.4.1",
			"accept": "*/*",
			"host": "localhost:3001",
			"accept-encoding": "gzip, deflate",
			"connection": "keep-alive"
		},
		"method": "GET",
		"httpVersion": "1.1",
		"originalUrl": "/",
		"query": {}
	},
	"responseTime": 3
}
Sat Jun 02 2018 10:41:17 GMT+0530 (IST) INFO HTTP GET /{
	"res": {
		"statusCode": 200
	},
	"req": {
		"url": "/",
		"headers": {
			"cache-control": "no-cache",
			"postman-token": "62715d9a-9f38-4d97-a4b5-2e463e2944ac",
			"user-agent": "PostmanRuntime/6.4.1",
			"accept": "*/*",
			"host": "localhost:3001",
			"accept-encoding": "gzip, deflate",
			"connection": "keep-alive"
		},
		"method": "GET",
		"httpVersion": "1.1",
		"originalUrl": "/",
		"query": {}
	},
	"responseTime": 3
}
Sat Jun 02 2018 10:42:12 GMT+0530 (IST) INFO HTTP GET /{
	"res": {
		"statusCode": 200
	},
	"req": {
		"url": "/",
		"headers": {
			"cache-control": "no-cache",
			"postman-token": "eb3b7ced-10cb-4b3c-ad0b-32c7da6bbddd",
			"user-agent": "PostmanRuntime/6.4.1",
			"accept": "*/*",
			"host": "localhost:3001",
			"accept-encoding": "gzip, deflate",
			"connection": "keep-alive"
		},
		"method": "GET",
		"httpVersion": "1.1",
		"originalUrl": "/",
		"query": {}
	},
	"responseTime": 3
}
Sat Jun 02 2018 10:43:00 GMT+0530 (IST) INFO HTTP GET /{
	"res": {
		"statusCode": 200
	},
	"req": {
		"url": "/",
		"headers": {
			"cache-control": "no-cache",
			"postman-token": "9e993381-ebcf-4094-870a-d155ff384b3c",
			"user-agent": "PostmanRuntime/6.4.1",
			"accept": "*/*",
			"host": "localhost:3001",
			"accept-encoding": "gzip, deflate",
			"connection": "keep-alive"
		},
		"method": "GET",
		"httpVersion": "1.1",
		"originalUrl": "/",
		"query": {}
	},
	"responseTime": 2
}
Sat Jun 02 2018 10:43:30 GMT+0530 (IST) INFO HTTP GET /{
	"res": {
		"statusCode": 200
	},
	"req": {
		"url": "/",
		"headers": {
			"cache-control": "no-cache",
			"postman-token": "e38e11ce-46f3-43bd-abf5-b5f8d3304092",
			"user-agent": "PostmanRuntime/6.4.1",
			"accept": "*/*",
			"host": "localhost:3001",
			"accept-encoding": "gzip, deflate",
			"connection": "keep-alive"
		},
		"method": "GET",
		"httpVersion": "1.1",
		"originalUrl": "/",
		"query": {}
	},
	"responseTime": 2
}
Sat Jun 02 2018 10:43:59 GMT+0530 (IST) INFO HTTP GET /{
	"res": {
		"statusCode": 200
	},
	"req": {
		"url": "/",
		"headers": {
			"cache-control": "no-cache",
			"postman-token": "fbd4cb36-de04-41e8-9781-0c39a2fa523a",
			"user-agent": "PostmanRuntime/6.4.1",
			"accept": "*/*",
			"host": "localhost:3001",
			"accept-encoding": "gzip, deflate",
			"connection": "keep-alive"
		},
		"method": "GET",
		"httpVersion": "1.1",
		"originalUrl": "/",
		"query": {}
	},
	"responseTime": 3
}
Sat Jun 02 2018 10:44:53 GMT+0530 (IST) INFO HTTP GET /{
	"res": {
		"statusCode": 200
	},
	"req": {
		"url": "/",
		"headers": {
			"cache-control": "no-cache",
			"postman-token": "1e6db8cd-3305-4c38-99fb-f49958e34e5c",
			"user-agent": "PostmanRuntime/6.4.1",
			"accept": "*/*",
			"host": "localhost:3001",
			"accept-encoding": "gzip, deflate",
			"connection": "keep-alive"
		},
		"method": "GET",
		"httpVersion": "1.1",
		"originalUrl": "/",
		"query": {}
	},
	"responseTime": 3
}
Sat Jun 02 2018 10:45:57 GMT+0530 (IST) INFO HTTP GET /{
	"res": {
		"statusCode": 200
	},
	"req": {
		"url": "/",
		"headers": {
			"cache-control": "no-cache",
			"postman-token": "d24ebb69-4423-45ee-ba54-e0a020f395bf",
			"user-agent": "PostmanRuntime/6.4.1",
			"accept": "*/*",
			"host": "localhost:3001",
			"accept-encoding": "gzip, deflate",
			"connection": "keep-alive"
		},
		"method": "GET",
		"httpVersion": "1.1",
		"originalUrl": "/",
		"query": {}
	},
	"responseTime": 3
}
Sat Jun 02 2018 10:46:54 GMT+0530 (IST) INFO HTTP GET /{
	"res": {
		"statusCode": 200
	},
	"req": {
		"url": "/",
		"headers": {
			"cache-control": "no-cache",
			"postman-token": "e304a338-707a-44e2-8bb7-b555b1a20d83",
			"user-agent": "PostmanRuntime/6.4.1",
			"accept": "*/*",
			"host": "localhost:3001",
			"accept-encoding": "gzip, deflate",
			"connection": "keep-alive"
		},
		"method": "GET",
		"httpVersion": "1.1",
		"originalUrl": "/",
		"query": {}
	},
	"responseTime": 15
}
Sat Jun 02 2018 10:46:59 GMT+0530 (IST) INFO HTTP GET /{
	"res": {
		"statusCode": 200
	},
	"req": {
		"url": "/",
		"headers": {
			"cache-control": "no-cache",
			"postman-token": "57b4c91c-50c2-4114-bcc2-6722d90a4992",
			"user-agent": "PostmanRuntime/6.4.1",
			"accept": "*/*",
			"host": "localhost:3001",
			"accept-encoding": "gzip, deflate",
			"connection": "keep-alive"
		},
		"method": "GET",
		"httpVersion": "1.1",
		"originalUrl": "/",
		"query": {}
	},
	"responseTime": 10
}
Sat Jun 02 2018 10:48:15 GMT+0530 (IST) INFO HTTP GET /?w=rere{
	"res": {
		"statusCode": 200
	},
	"req": {
		"url": "/?w=rere",
		"headers": {
			"cache-control": "no-cache",
			"postman-token": "44feef5c-79ab-4fe7-b22d-37742243702f",
			"user-agent": "PostmanRuntime/6.4.1",
			"accept": "*/*",
			"host": "localhost:3001",
			"accept-encoding": "gzip, deflate",
			"connection": "keep-alive"
		},
		"method": "GET",
		"httpVersion": "1.1",
		"originalUrl": "/?w=rere",
		"query": {
			"w": "rere"
		}
	},
	"responseTime": 11
}
Sat Jun 02 2018 11:14:16 GMT+0530 (IST) INFO HTTP GET /23{
	"res": {
		"statusCode": 404
	},
	"req": {
		"url": "/23",
		"headers": {
			"cache-control": "no-cache",
			"postman-token": "ebee2056-1313-4261-be44-cc22081279a7",
			"user-agent": "PostmanRuntime/6.4.1",
			"accept": "*/*",
			"host": "localhost:3001",
			"accept-encoding": "gzip, deflate",
			"connection": "keep-alive"
		},
		"method": "GET",
		"httpVersion": "1.1",
		"originalUrl": "/23",
		"query": {}
	},
	"responseTime": 2
}
Sat Jun 02 2018 11:14:22 GMT+0530 (IST) INFO HTTP GET /23{
	"res": {
		"statusCode": 200
	},
	"req": {
		"url": "/23",
		"headers": {
			"cache-control": "no-cache",
			"postman-token": "76440e02-3873-438b-aeb1-e9ac3c09cf5c",
			"user-agent": "PostmanRuntime/6.4.1",
			"accept": "*/*",
			"host": "localhost:3001",
			"accept-encoding": "gzip, deflate",
			"connection": "keep-alive"
		},
		"method": "GET",
		"httpVersion": "1.1",
		"originalUrl": "/23",
		"query": {}
	},
	"responseTime": 14
}
Sat Jun 02 2018 11:15:06 GMT+0530 (IST) INFO HTTP GET /23{
	"res": {
		"statusCode": 200
	},
	"req": {
		"url": "/23",
		"headers": {
			"cache-control": "no-cache",
			"postman-token": "5e351f3a-6946-42cc-af7b-f59a2c8214b2",
			"user-agent": "PostmanRuntime/6.4.1",
			"accept": "*/*",
			"host": "localhost:3001",
			"accept-encoding": "gzip, deflate",
			"connection": "keep-alive"
		},
		"method": "GET",
		"httpVersion": "1.1",
		"originalUrl": "/23",
		"query": {}
	},
	"responseTime": 3
}
Sat Jun 02 2018 11:16:04 GMT+0530 (IST) INFO HTTP GET /23{
	"res": {
		"statusCode": 500
	},
	"req": {
		"url": "/23",
		"headers": {
			"cache-control": "no-cache",
			"postman-token": "ee29d16f-1820-4930-b0f2-9eecbe11b697",
			"user-agent": "PostmanRuntime/6.4.1",
			"accept": "*/*",
			"host": "localhost:3001",
			"accept-encoding": "gzip, deflate",
			"connection": "keep-alive"
		},
		"method": "GET",
		"httpVersion": "1.1",
		"originalUrl": "/23",
		"query": {}
	},
	"responseTime": 3
}
Sat Jun 02 2018 11:16:32 GMT+0530 (IST) INFO HTTP GET /23{
	"res": {
		"statusCode": 200
	},
	"req": {
		"url": "/23",
		"headers": {
			"cache-control": "no-cache",
			"postman-token": "c99365fb-485a-4694-b30d-a9835791e268",
			"user-agent": "PostmanRuntime/6.4.1",
			"accept": "*/*",
			"host": "localhost:3001",
			"accept-encoding": "gzip, deflate",
			"connection": "keep-alive"
		},
		"method": "GET",
		"httpVersion": "1.1",
		"originalUrl": "/23",
		"query": {}
	},
	"responseTime": 3
}
Sat Jun 02 2018 11:17:00 GMT+0530 (IST) INFO HTTP GET /23{
	"res": {
		"statusCode": 200
	},
	"req": {
		"url": "/23",
		"headers": {
			"cache-control": "no-cache",
			"postman-token": "17281579-2de6-4b4e-b32f-6ebbfd07c5db",
			"user-agent": "PostmanRuntime/6.4.1",
			"accept": "*/*",
			"host": "localhost:3001",
			"accept-encoding": "gzip, deflate",
			"connection": "keep-alive"
		},
		"method": "GET",
		"httpVersion": "1.1",
		"originalUrl": "/23",
		"query": {}
	},
	"responseTime": 4
}
Sat Jun 02 2018 11:20:20 GMT+0530 (IST) INFO HTTP GET /23{
	"res": {
		"statusCode": 200
	},
	"req": {
		"url": "/23",
		"headers": {
			"cache-control": "no-cache",
			"postman-token": "13f0d976-83a7-45f5-846f-fe995b412e59",
			"user-agent": "PostmanRuntime/6.4.1",
			"accept": "*/*",
			"host": "localhost:3001",
			"accept-encoding": "gzip, deflate",
			"connection": "keep-alive"
		},
		"method": "GET",
		"httpVersion": "1.1",
		"originalUrl": "/23",
		"query": {}
	},
	"responseTime": 2
}
Sat Jun 02 2018 11:20:25 GMT+0530 (IST) INFO HTTP GET /24{
	"res": {
		"statusCode": 200
	},
	"req": {
		"url": "/24",
		"headers": {
			"cache-control": "no-cache",
			"postman-token": "14b3bbbd-81b0-4b1e-83f1-58c328895f7a",
			"user-agent": "PostmanRuntime/6.4.1",
			"accept": "*/*",
			"host": "localhost:3001",
			"accept-encoding": "gzip, deflate",
			"connection": "keep-alive"
		},
		"method": "GET",
		"httpVersion": "1.1",
		"originalUrl": "/24",
		"query": {}
	},
	"responseTime": 0
}
Sat Jun 02 2018 11:20:52 GMT+0530 (IST) INFO HTTP GET /24{
	"res": {
		"statusCode": 200
	},
	"req": {
		"url": "/24",
		"headers": {
			"cache-control": "no-cache",
			"postman-token": "86f6b401-8f63-454f-93ac-3652405102bc",
			"user-agent": "PostmanRuntime/6.4.1",
			"accept": "*/*",
			"host": "localhost:3001",
			"accept-encoding": "gzip, deflate",
			"connection": "keep-alive"
		},
		"method": "GET",
		"httpVersion": "1.1",
		"originalUrl": "/24",
		"query": {}
	},
	"responseTime": 2
}
Sat Jun 02 2018 11:21:14 GMT+0530 (IST) INFO HTTP GET /23{
	"res": {
		"statusCode": 200
	},
	"req": {
		"url": "/23",
		"headers": {
			"cache-control": "no-cache",
			"postman-token": "581222a1-0d9a-47ec-aecc-d132932a6d2a",
			"user-agent": "PostmanRuntime/6.4.1",
			"accept": "*/*",
			"host": "localhost:3001",
			"accept-encoding": "gzip, deflate",
			"connection": "keep-alive"
		},
		"method": "GET",
		"httpVersion": "1.1",
		"originalUrl": "/23",
		"query": {}
	},
	"responseTime": 0
}
Sat Jun 02 2018 11:22:11 GMT+0530 (IST) INFO HTTP GET /23{
	"res": {
		"statusCode": 200
	},
	"req": {
		"url": "/23",
		"headers": {
			"cache-control": "no-cache",
			"postman-token": "0eaf1a22-1e7d-4afc-b283-1c9d1390d651",
			"user-agent": "PostmanRuntime/6.4.1",
			"accept": "*/*",
			"host": "localhost:3001",
			"accept-encoding": "gzip, deflate",
			"connection": "keep-alive"
		},
		"method": "GET",
		"httpVersion": "1.1",
		"originalUrl": "/23",
		"query": {}
	},
	"responseTime": 2
}
Sat Jun 02 2018 11:22:41 GMT+0530 (IST) INFO HTTP GET /23{
	"res": {
		"statusCode": 200
	},
	"req": {
		"url": "/23",
		"headers": {
			"cache-control": "no-cache",
			"postman-token": "82c3973f-6ecd-4dd6-a138-ec407b8e66fc",
			"user-agent": "PostmanRuntime/6.4.1",
			"accept": "*/*",
			"host": "localhost:3001",
			"accept-encoding": "gzip, deflate",
			"connection": "keep-alive"
		},
		"method": "GET",
		"httpVersion": "1.1",
		"originalUrl": "/23",
		"query": {}
	},
	"responseTime": 2
}
Mon Jun 04 2018 11:02:07 GMT+0530 (IST) INFO HTTP GET /23{
	"res": {
		"statusCode": 200
	},
	"req": {
		"url": "/23",
		"headers": {
			"cache-control": "no-cache",
			"postman-token": "b0c136a7-325e-4b2d-9be9-4ba805263fc1",
			"user-agent": "PostmanRuntime/6.4.1",
			"accept": "*/*",
			"host": "localhost:3001",
			"accept-encoding": "gzip, deflate",
			"connection": "keep-alive"
		},
		"method": "GET",
		"httpVersion": "1.1",
		"originalUrl": "/23",
		"query": {}
	},
	"responseTime": 2
}
Mon Jun 04 2018 11:05:30 GMT+0530 (IST) INFO HTTP GET /23{
	"res": {
		"statusCode": 200
	},
	"req": {
		"url": "/23",
		"headers": {
			"cache-control": "no-cache",
			"postman-token": "a96e6c3b-5cf4-466a-a5f6-b4d26251c7e0",
			"user-agent": "PostmanRuntime/6.4.1",
			"accept": "*/*",
			"host": "localhost:3001",
			"accept-encoding": "gzip, deflate",
			"connection": "keep-alive"
		},
		"method": "GET",
		"httpVersion": "1.1",
		"originalUrl": "/23",
		"query": {}
	},
	"responseTime": 2
}
Mon Jun 04 2018 11:06:47 GMT+0530 (IST) INFO HTTP GET /23{
	"res": {
		"statusCode": 300
	},
	"req": {
		"url": "/23",
		"headers": {
			"cache-control": "no-cache",
			"postman-token": "7b6bf79e-099a-49ec-9c94-ef145dbb6c2b",
			"user-agent": "PostmanRuntime/6.4.1",
			"accept": "*/*",
			"host": "localhost:3001",
			"accept-encoding": "gzip, deflate",
			"connection": "keep-alive"
		},
		"method": "GET",
		"httpVersion": "1.1",
		"originalUrl": "/23",
		"query": {}
	},
	"responseTime": 3
}
Mon Jun 04 2018 11:06:47 GMT+0530 (IST) ERROR uncaughtException: Can't set headers after they are sent.{
	"date": "Mon Jun 04 2018 11:06:47 GMT+0530 (IST)",
	"process": {
		"pid": 4656,
		"uid": 502,
		"gid": 20,
		"cwd": "/Users/princegupta/Documents/Workspace/NodeJs/node-essntials",
		"execPath": "/usr/local/bin/node",
		"version": "v8.11.1",
		"argv": [
			"/usr/local/bin/node",
			"/Users/princegupta/Documents/Workspace/NodeJs/node-essntials/bin/www"
		],
		"memoryUsage": {
			"rss": 58937344,
			"heapTotal": 39718912,
			"heapUsed": 23728640,
			"external": 633732
		}
	},
	"os": {
		"loadavg": [
			2.70458984375,
			2.5205078125,
			2.48876953125
		],
		"uptime": 127033
	},
	"trace": [
		{
			"column": 11,
			"file": "_http_outgoing.js",
			"function": "validateHeader",
			"line": 491,
			"method": null,
			"native": false
		},
		{
			"column": 3,
			"file": "_http_outgoing.js",
			"function": "ServerResponse.setHeader",
			"line": 498,
			"method": "setHeader",
			"native": false
		},
		{
			"column": 9,
			"file": "/Users/princegupta/Documents/Workspace/NodeJs/node-essntials/node_modules/finalhandler/index.js",
			"function": "Array.write",
			"line": 254,
			"method": "write",
			"native": false
		},
		{
			"column": 15,
			"file": "/Users/princegupta/Documents/Workspace/NodeJs/node-essntials/node_modules/on-finished/index.js",
			"function": "listener",
			"line": 169,
			"method": null,
			"native": false
		},
		{
			"column": 5,
			"file": "/Users/princegupta/Documents/Workspace/NodeJs/node-essntials/node_modules/on-finished/index.js",
			"function": "onFinish",
			"line": 100,
			"method": null,
			"native": false
		},
		{
			"column": 10,
			"file": "/Users/princegupta/Documents/Workspace/NodeJs/node-essntials/node_modules/ee-first/index.js",
			"function": "callback",
			"line": 55,
			"method": null,
			"native": false
		},
		{
			"column": 5,
			"file": "/Users/princegupta/Documents/Workspace/NodeJs/node-essntials/node_modules/ee-first/index.js",
			"function": "IncomingMessage.onevent",
			"line": 93,
			"method": "onevent",
			"native": false
		},
		{
			"column": 13,
			"file": "events.js",
			"function": "emitNone",
			"line": 106,
			"method": null,
			"native": false
		},
		{
			"column": 7,
			"file": "events.js",
			"function": "IncomingMessage.emit",
			"line": 208,
			"method": "emit",
			"native": false
		},
		{
			"column": 12,
			"file": "_stream_readable.js",
			"function": "endReadableNT",
			"line": 1064,
			"method": null,
			"native": false
		},
		{
			"column": 11,
			"file": "internal/process/next_tick.js",
			"function": "_combinedTickCallback",
			"line": 138,
			"method": null,
			"native": false
		},
		{
			"column": 9,
			"file": "internal/process/next_tick.js",
			"function": "process._tickCallback",
			"line": 180,
			"method": "_tickCallback",
			"native": false
		}
	],
	"stack": [
		"Error: Can't set headers after they are sent.",
		"    at validateHeader (_http_outgoing.js:491:11)",
		"    at ServerResponse.setHeader (_http_outgoing.js:498:3)",
		"    at Array.write (/Users/princegupta/Documents/Workspace/NodeJs/node-essntials/node_modules/finalhandler/index.js:254:9)",
		"    at listener (/Users/princegupta/Documents/Workspace/NodeJs/node-essntials/node_modules/on-finished/index.js:169:15)",
		"    at onFinish (/Users/princegupta/Documents/Workspace/NodeJs/node-essntials/node_modules/on-finished/index.js:100:5)",
		"    at callback (/Users/princegupta/Documents/Workspace/NodeJs/node-essntials/node_modules/ee-first/index.js:55:10)",
		"    at IncomingMessage.onevent (/Users/princegupta/Documents/Workspace/NodeJs/node-essntials/node_modules/ee-first/index.js:93:5)",
		"    at emitNone (events.js:106:13)",
		"    at IncomingMessage.emit (events.js:208:7)",
		"    at endReadableNT (_stream_readable.js:1064:12)",
		"    at _combinedTickCallback (internal/process/next_tick.js:138:11)",
		"    at process._tickCallback (internal/process/next_tick.js:180:9)"
	]
}
Mon Jun 04 2018 11:07:43 GMT+0530 (IST) INFO HTTP GET /23{
	"res": {
		"statusCode": 300
	},
	"req": {
		"url": "/23",
		"headers": {
			"cache-control": "no-cache",
			"postman-token": "0e10e0cc-1288-42ae-97dd-19f7668cf1df",
			"user-agent": "PostmanRuntime/6.4.1",
			"accept": "*/*",
			"host": "localhost:3001",
			"accept-encoding": "gzip, deflate",
			"connection": "keep-alive"
		},
		"method": "GET",
		"httpVersion": "1.1",
		"originalUrl": "/23",
		"query": {}
	},
	"responseTime": 3
}
Mon Jun 04 2018 11:07:43 GMT+0530 (IST) ERROR uncaughtException: Can't set headers after they are sent.{
	"date": "Mon Jun 04 2018 11:07:43 GMT+0530 (IST)",
	"process": {
		"pid": 4672,
		"uid": 502,
		"gid": 20,
		"cwd": "/Users/princegupta/Documents/Workspace/NodeJs/node-essntials",
		"execPath": "/usr/local/bin/node",
		"version": "v8.11.1",
		"argv": [
			"/usr/local/bin/node",
			"/Users/princegupta/Documents/Workspace/NodeJs/node-essntials/bin/www"
		],
		"memoryUsage": {
			"rss": 59027456,
			"heapTotal": 39194624,
			"heapUsed": 23564944,
			"external": 633732
		}
	},
	"os": {
		"loadavg": [
			2.328125,
			2.4580078125,
			2.46826171875
		],
		"uptime": 127089
	},
	"trace": [
		{
			"column": 11,
			"file": "_http_outgoing.js",
			"function": "validateHeader",
			"line": 491,
			"method": null,
			"native": false
		},
		{
			"column": 3,
			"file": "_http_outgoing.js",
			"function": "ServerResponse.setHeader",
			"line": 498,
			"method": "setHeader",
			"native": false
		},
		{
			"column": 9,
			"file": "/Users/princegupta/Documents/Workspace/NodeJs/node-essntials/node_modules/finalhandler/index.js",
			"function": "Array.write",
			"line": 254,
			"method": "write",
			"native": false
		},
		{
			"column": 15,
			"file": "/Users/princegupta/Documents/Workspace/NodeJs/node-essntials/node_modules/on-finished/index.js",
			"function": "listener",
			"line": 169,
			"method": null,
			"native": false
		},
		{
			"column": 5,
			"file": "/Users/princegupta/Documents/Workspace/NodeJs/node-essntials/node_modules/on-finished/index.js",
			"function": "onFinish",
			"line": 100,
			"method": null,
			"native": false
		},
		{
			"column": 10,
			"file": "/Users/princegupta/Documents/Workspace/NodeJs/node-essntials/node_modules/ee-first/index.js",
			"function": "callback",
			"line": 55,
			"method": null,
			"native": false
		},
		{
			"column": 5,
			"file": "/Users/princegupta/Documents/Workspace/NodeJs/node-essntials/node_modules/ee-first/index.js",
			"function": "IncomingMessage.onevent",
			"line": 93,
			"method": "onevent",
			"native": false
		},
		{
			"column": 13,
			"file": "events.js",
			"function": "emitNone",
			"line": 106,
			"method": null,
			"native": false
		},
		{
			"column": 7,
			"file": "events.js",
			"function": "IncomingMessage.emit",
			"line": 208,
			"method": "emit",
			"native": false
		},
		{
			"column": 12,
			"file": "_stream_readable.js",
			"function": "endReadableNT",
			"line": 1064,
			"method": null,
			"native": false
		},
		{
			"column": 11,
			"file": "internal/process/next_tick.js",
			"function": "_combinedTickCallback",
			"line": 138,
			"method": null,
			"native": false
		},
		{
			"column": 9,
			"file": "internal/process/next_tick.js",
			"function": "process._tickCallback",
			"line": 180,
			"method": "_tickCallback",
			"native": false
		}
	],
	"stack": [
		"Error: Can't set headers after they are sent.",
		"    at validateHeader (_http_outgoing.js:491:11)",
		"    at ServerResponse.setHeader (_http_outgoing.js:498:3)",
		"    at Array.write (/Users/princegupta/Documents/Workspace/NodeJs/node-essntials/node_modules/finalhandler/index.js:254:9)",
		"    at listener (/Users/princegupta/Documents/Workspace/NodeJs/node-essntials/node_modules/on-finished/index.js:169:15)",
		"    at onFinish (/Users/princegupta/Documents/Workspace/NodeJs/node-essntials/node_modules/on-finished/index.js:100:5)",
		"    at callback (/Users/princegupta/Documents/Workspace/NodeJs/node-essntials/node_modules/ee-first/index.js:55:10)",
		"    at IncomingMessage.onevent (/Users/princegupta/Documents/Workspace/NodeJs/node-essntials/node_modules/ee-first/index.js:93:5)",
		"    at emitNone (events.js:106:13)",
		"    at IncomingMessage.emit (events.js:208:7)",
		"    at endReadableNT (_stream_readable.js:1064:12)",
		"    at _combinedTickCallback (internal/process/next_tick.js:138:11)",
		"    at process._tickCallback (internal/process/next_tick.js:180:9)"
	]
}
Mon Jun 04 2018 11:12:07 GMT+0530 (IST) INFO HTTP GET /23{
	"res": {
		"statusCode": 300
	},
	"req": {
		"url": "/23",
		"headers": {
			"cache-control": "no-cache",
			"postman-token": "8310cb1f-3d51-4a69-bfdb-9ce45b084b86",
			"user-agent": "PostmanRuntime/6.4.1",
			"accept": "*/*",
			"host": "localhost:3001",
			"accept-encoding": "gzip, deflate",
			"connection": "keep-alive"
		},
		"method": "GET",
		"httpVersion": "1.1",
		"originalUrl": "/23",
		"query": {}
	},
	"responseTime": 2
}
Mon Jun 04 2018 11:35:10 GMT+0530 (IST) INFO HTTP GET /23{
	"res": {
		"statusCode": 300,
		"body": {
			"message": "User Validation"
		}
	},
	"req": {
		"url": "/23",
		"headers": {
			"cache-control": "no-cache",
			"postman-token": "79e1d8fa-b524-444e-b6cf-771dcdbb02ea",
			"user-agent": "PostmanRuntime/6.4.1",
			"accept": "*/*",
			"host": "localhost:3001",
			"accept-encoding": "gzip, deflate",
			"connection": "keep-alive"
		},
		"method": "GET",
		"httpVersion": "1.1",
		"originalUrl": "/23",
		"query": {}
	},
	"responseTime": 2
}
Mon Jun 04 2018 11:50:43 GMT+0530 (IST) INFO HTTP GET /23{
	"res": {
		"statusCode": 200
	},
	"req": {
		"url": "/23",
		"headers": {
			"cache-control": "no-cache",
			"postman-token": "682e62b4-0d7a-4808-a839-ec7232f339f2",
			"user-agent": "PostmanRuntime/6.4.1",
			"accept": "*/*",
			"host": "localhost:3001",
			"accept-encoding": "gzip, deflate",
			"connection": "keep-alive"
		},
		"method": "GET",
		"httpVersion": "1.1",
		"originalUrl": "/23",
		"query": {}
	},
	"responseTime": 2
}
Mon Jun 04 2018 11:51:41 GMT+0530 (IST) INFO HTTP GET /23{
	"res": {
		"statusCode": 200
	},
	"req": {
		"url": "/23",
		"headers": {
			"cache-control": "no-cache",
			"postman-token": "5ea60553-b326-4802-b153-709717481000",
			"user-agent": "PostmanRuntime/6.4.1",
			"accept": "*/*",
			"host": "localhost:3001",
			"accept-encoding": "gzip, deflate",
			"connection": "keep-alive"
		},
		"method": "GET",
		"httpVersion": "1.1",
		"originalUrl": "/23",
		"query": {}
	},
	"responseTime": 3
}
Mon Jun 04 2018 11:51:47 GMT+0530 (IST) INFO HTTP GET /23{
	"res": {
		"statusCode": 200
	},
	"req": {
		"url": "/23",
		"headers": {
			"cache-control": "no-cache",
			"postman-token": "9caafcf0-6ba9-44e0-903b-586b5227a2ee",
			"user-agent": "PostmanRuntime/6.4.1",
			"accept": "*/*",
			"host": "localhost:3001",
			"accept-encoding": "gzip, deflate",
			"connection": "keep-alive"
		},
		"method": "GET",
		"httpVersion": "1.1",
		"originalUrl": "/23",
		"query": {}
	},
	"responseTime": 1
}
Mon Jun 04 2018 11:56:15 GMT+0530 (IST) INFO HTTP GET /23{
	"res": {
		"statusCode": 200,
		"body": "[\n   {\n      \"id\": 1,\n      \"firstName\": \"Prince\",\n      \"lastName\": \"Gupta\",\n      \"createdAt\": \"2018-06-04T06:23:25.000Z\",\n      \"updatedAt\": \"2018-06-04T06:23:25.000Z\"\n   }\n]"
	},
	"req": {
		"url": "/23",
		"headers": {
			"cache-control": "no-cache",
			"postman-token": "cb97ab43-fa66-4145-b44b-05bc158e0faf",
			"user-agent": "PostmanRuntime/6.4.1",
			"accept": "*/*",
			"host": "localhost:3001",
			"accept-encoding": "gzip, deflate",
			"connection": "keep-alive"
		},
		"method": "GET",
		"httpVersion": "1.1",
		"originalUrl": "/23",
		"query": {}
	},
	"responseTime": 11
}
Mon Jun 04 2018 11:58:46 GMT+0530 (IST) INFO HTTP GET /23{
	"res": {
		"statusCode": 200,
		"body": "[{\"id\":1,\"firstName\":\"Prince\",\"lastName\":\"Gupta\",\"createdAt\":\"2018-06-04T06:28:42.000Z\",\"updatedAt\":\"2018-06-04T06:28:42.000Z\"}]"
	},
	"req": {
		"url": "/23",
		"headers": {
			"cache-control": "no-cache",
			"postman-token": "61a91b5e-1174-4343-9496-b9365dd8bc76",
			"user-agent": "PostmanRuntime/6.4.1",
			"accept": "*/*",
			"host": "localhost:3001",
			"accept-encoding": "gzip, deflate",
			"connection": "keep-alive"
		},
		"method": "GET",
		"httpVersion": "1.1",
		"originalUrl": "/23",
		"query": {}
	},
	"responseTime": 7
}
Mon Jun 04 2018 12:45:12 GMT+0530 (IST) INFO HTTP GET /23{
	"res": {
		"statusCode": 200,
		"body": "[{\"id\":1,\"firstName\":\"Prince\",\"lastName\":\"Gupta\",\"createdAt\":\"2018-06-04T07:14:58.000Z\",\"updatedAt\":\"2018-06-04T07:14:58.000Z\"}]"
	},
	"req": {
		"url": "/23",
		"headers": {
			"cache-control": "no-cache",
			"postman-token": "c4a1ed07-dea7-4c0f-8eef-8cc7203345d0",
			"user-agent": "PostmanRuntime/6.4.1",
			"accept": "*/*",
			"host": "localhost:3001",
			"accept-encoding": "gzip, deflate",
			"connection": "keep-alive"
		},
		"method": "GET",
		"httpVersion": "1.1",
		"originalUrl": "/23",
		"query": {}
	},
	"responseTime": 10
}
Mon Jun 04 2018 12:46:38 GMT+0530 (IST) INFO HTTP GET /23{
	"res": {
		"statusCode": 200,
		"body": "[{\"id\":1,\"firstName\":\"Prince\",\"lastName\":\"Gupta\",\"createdAt\":\"2018-06-04T07:16:34.000Z\",\"updatedAt\":\"2018-06-04T07:16:34.000Z\"}]"
	},
	"req": {
		"url": "/23",
		"headers": {
			"cache-control": "no-cache",
			"postman-token": "dbac7f82-a052-40d1-bfbe-9e511c9ea522",
			"user-agent": "PostmanRuntime/6.4.1",
			"accept": "*/*",
			"host": "localhost:3001",
			"accept-encoding": "gzip, deflate",
			"connection": "keep-alive"
		},
		"method": "GET",
		"httpVersion": "1.1",
		"originalUrl": "/23",
		"query": {}
	},
	"responseTime": 8
}
Mon Jun 04 2018 12:46:38 GMT+0530 (IST) ERROR uncaughtException: Can't set headers after they are sent.{
	"date": "Mon Jun 04 2018 12:46:38 GMT+0530 (IST)",
	"process": {
		"pid": 5815,
		"uid": 502,
		"gid": 20,
		"cwd": "/Users/princegupta/Documents/Workspace/NodeJs/node-essntials",
		"execPath": "/usr/local/bin/node",
		"version": "v8.11.1",
		"argv": [
			"/usr/local/bin/node",
			"/Users/princegupta/Documents/Workspace/NodeJs/node-essntials/bin/www"
		],
		"memoryUsage": {
			"rss": 59174912,
			"heapTotal": 39718912,
			"heapUsed": 23799784,
			"external": 634099
		}
	},
	"os": {
		"loadavg": [
			2.388671875,
			2.419921875,
			2.494140625
		],
		"uptime": 133024
	},
	"trace": [
		{
			"column": 11,
			"file": "_http_outgoing.js",
			"function": "validateHeader",
			"line": 491,
			"method": null,
			"native": false
		},
		{
			"column": 3,
			"file": "_http_outgoing.js",
			"function": "ServerResponse.setHeader",
			"line": 498,
			"method": "setHeader",
			"native": false
		},
		{
			"column": 9,
			"file": "/Users/princegupta/Documents/Workspace/NodeJs/node-essntials/node_modules/finalhandler/index.js",
			"function": "Array.write",
			"line": 254,
			"method": "write",
			"native": false
		},
		{
			"column": 15,
			"file": "/Users/princegupta/Documents/Workspace/NodeJs/node-essntials/node_modules/on-finished/index.js",
			"function": "listener",
			"line": 169,
			"method": null,
			"native": false
		},
		{
			"column": 5,
			"file": "/Users/princegupta/Documents/Workspace/NodeJs/node-essntials/node_modules/on-finished/index.js",
			"function": "onFinish",
			"line": 100,
			"method": null,
			"native": false
		},
		{
			"column": 10,
			"file": "/Users/princegupta/Documents/Workspace/NodeJs/node-essntials/node_modules/ee-first/index.js",
			"function": "callback",
			"line": 55,
			"method": null,
			"native": false
		},
		{
			"column": 5,
			"file": "/Users/princegupta/Documents/Workspace/NodeJs/node-essntials/node_modules/ee-first/index.js",
			"function": "IncomingMessage.onevent",
			"line": 93,
			"method": "onevent",
			"native": false
		},
		{
			"column": 13,
			"file": "events.js",
			"function": "emitNone",
			"line": 106,
			"method": null,
			"native": false
		},
		{
			"column": 7,
			"file": "events.js",
			"function": "IncomingMessage.emit",
			"line": 208,
			"method": "emit",
			"native": false
		},
		{
			"column": 12,
			"file": "_stream_readable.js",
			"function": "endReadableNT",
			"line": 1064,
			"method": null,
			"native": false
		},
		{
			"column": 11,
			"file": "internal/process/next_tick.js",
			"function": "_combinedTickCallback",
			"line": 138,
			"method": null,
			"native": false
		},
		{
			"column": 9,
			"file": "internal/process/next_tick.js",
			"function": "process._tickCallback",
			"line": 180,
			"method": "_tickCallback",
			"native": false
		}
	],
	"stack": [
		"Error: Can't set headers after they are sent.",
		"    at validateHeader (_http_outgoing.js:491:11)",
		"    at ServerResponse.setHeader (_http_outgoing.js:498:3)",
		"    at Array.write (/Users/princegupta/Documents/Workspace/NodeJs/node-essntials/node_modules/finalhandler/index.js:254:9)",
		"    at listener (/Users/princegupta/Documents/Workspace/NodeJs/node-essntials/node_modules/on-finished/index.js:169:15)",
		"    at onFinish (/Users/princegupta/Documents/Workspace/NodeJs/node-essntials/node_modules/on-finished/index.js:100:5)",
		"    at callback (/Users/princegupta/Documents/Workspace/NodeJs/node-essntials/node_modules/ee-first/index.js:55:10)",
		"    at IncomingMessage.onevent (/Users/princegupta/Documents/Workspace/NodeJs/node-essntials/node_modules/ee-first/index.js:93:5)",
		"    at emitNone (events.js:106:13)",
		"    at IncomingMessage.emit (events.js:208:7)",
		"    at endReadableNT (_stream_readable.js:1064:12)",
		"    at _combinedTickCallback (internal/process/next_tick.js:138:11)",
		"    at process._tickCallback (internal/process/next_tick.js:180:9)"
	]
}
Mon Jun 04 2018 12:47:52 GMT+0530 (IST) INFO HTTP GET /23{
	"res": {
		"statusCode": 200,
		"body": "[{\"id\":1,\"firstName\":\"Prince\",\"lastName\":\"Gupta\",\"createdAt\":\"2018-06-04T07:16:56.000Z\",\"updatedAt\":\"2018-06-04T07:16:56.000Z\"}]"
	},
	"req": {
		"url": "/23",
		"headers": {
			"cache-control": "no-cache",
			"postman-token": "d0472fff-006b-44cd-9b40-cc34840cf614",
			"user-agent": "PostmanRuntime/6.4.1",
			"accept": "*/*",
			"host": "localhost:3001",
			"accept-encoding": "gzip, deflate",
			"connection": "keep-alive"
		},
		"method": "GET",
		"httpVersion": "1.1",
		"originalUrl": "/23",
		"query": {}
	},
	"responseTime": 11
}
